{"time":"2025-02-13T11:32:07.766274+01:00","level":"DEBUG","msg":"Running command","name":"register","args":"Flarenzy"}
{"time":"2025-02-13T11:32:07.789026+01:00","level":"INFO","msg":"user has been created with params:\nName: %v\nID: %v\nCreateAt: %v\nUpdatedAt: %v","Flarenzy":"6db0a2f7-c687-465f-818d-e1db6f89d7d0","!BADKEY":"2025-02-13T11:32:07.766489+01:00","!BADKEY":"2025-02-13T11:32:07.76649+01:00"}
{"time":"2025-02-13T11:33:38.208418+01:00","level":"DEBUG","msg":"Running command","name":"register","args":"Flarenzy"}
{"time":"2025-02-13T11:36:34.868726+01:00","level":"DEBUG","msg":"Running command","name":"register","args":"kahya"}
{"time":"2025-02-13T11:36:34.881081+01:00","level":"INFO","msg":"user has been created with params","Name":"kahya","ID":"75ba1663-fd41-4d64-b32a-32985a074496","CreateAt":"2025-02-13T11:36:34.868801+01:00","UpdatedAt":"2025-02-13T11:36:34.868801+01:00"}
{"time":"2025-02-13T11:36:35.536709+01:00","level":"DEBUG","msg":"Running command","name":"register","args":"kahya"}
{"time":"2025-02-13T11:36:36.158306+01:00","level":"DEBUG","msg":"Running command","name":"register","args":"holgith"}
{"time":"2025-02-13T11:36:36.168061+01:00","level":"INFO","msg":"user has been created with params","Name":"holgith","ID":"256f0b42-5f7d-4a34-be71-62e0f7da5fba","CreateAt":"2025-02-13T11:36:36.158454+01:00","UpdatedAt":"2025-02-13T11:36:36.158454+01:00"}
{"time":"2025-02-13T11:36:36.764513+01:00","level":"DEBUG","msg":"Running command","name":"login","args":"kahya"}
{"time":"2025-02-13T11:36:37.36752+01:00","level":"DEBUG","msg":"Running command","name":"login","args":"unknown"}
{"time":"2025-02-13T11:37:05.632263+01:00","level":"DEBUG","msg":"Running command","name":"register","args":"kahya"}
{"time":"2025-02-13T11:37:06.234129+01:00","level":"DEBUG","msg":"Running command","name":"register","args":"kahya"}
{"time":"2025-02-13T11:37:06.876274+01:00","level":"DEBUG","msg":"Running command","name":"register","args":"holgith"}
{"time":"2025-02-13T11:37:07.50341+01:00","level":"DEBUG","msg":"Running command","name":"login","args":"kahya"}
{"time":"2025-02-13T11:37:08.16316+01:00","level":"DEBUG","msg":"Running command","name":"login","args":"unknown"}
{"time":"2025-02-13T11:37:55.694091+01:00","level":"DEBUG","msg":"Running command","name":"register","args":"kahya"}
{"time":"2025-02-13T11:37:55.713939+01:00","level":"INFO","msg":"user has been created with params","Name":"kahya","ID":"48161906-3815-4db0-8c8d-bb76e311377f","CreateAt":"2025-02-13T11:37:55.694251+01:00","UpdatedAt":"2025-02-13T11:37:55.694251+01:00"}
{"time":"2025-02-13T11:37:56.391342+01:00","level":"DEBUG","msg":"Running command","name":"register","args":"kahya"}
{"time":"2025-02-13T11:37:57.024339+01:00","level":"DEBUG","msg":"Running command","name":"register","args":"holgith"}
{"time":"2025-02-13T11:37:57.035348+01:00","level":"INFO","msg":"user has been created with params","Name":"holgith","ID":"a7b73278-d7c5-4188-93f4-a6e07faa76ea","CreateAt":"2025-02-13T11:37:57.024505+01:00","UpdatedAt":"2025-02-13T11:37:57.024505+01:00"}
{"time":"2025-02-13T11:37:57.687532+01:00","level":"DEBUG","msg":"Running command","name":"login","args":"kahya"}
{"time":"2025-02-13T11:37:58.329483+01:00","level":"DEBUG","msg":"Running command","name":"login","args":"unknown"}
{"time":"2025-02-13T11:58:46.800076+01:00","level":"DEBUG","msg":"Running command","name":"reset","args":""}
{"time":"2025-02-13T11:59:12.907535+01:00","level":"DEBUG","msg":"Running command","name":"reset","args":""}
{"time":"2025-02-13T11:59:13.533524+01:00","level":"DEBUG","msg":"Running command","name":"register","args":"kahya"}
{"time":"2025-02-13T11:59:13.545896+01:00","level":"INFO","msg":"user has been created with params","Name":"kahya","ID":"a134db07-1eac-48cc-bd05-82db5601103a","CreateAt":"2025-02-13T11:59:13.533697+01:00","UpdatedAt":"2025-02-13T11:59:13.533697+01:00"}
{"time":"2025-02-13T11:59:14.156428+01:00","level":"DEBUG","msg":"Running command","name":"register","args":"kahya"}
{"time":"2025-02-13T11:59:14.7912+01:00","level":"DEBUG","msg":"Running command","name":"reset","args":""}
{"time":"2025-02-13T11:59:15.443004+01:00","level":"DEBUG","msg":"Running command","name":"register","args":"kahya"}
{"time":"2025-02-13T11:59:15.455649+01:00","level":"INFO","msg":"user has been created with params","Name":"kahya","ID":"62d6adfc-e474-4e48-a384-99b939530e6c","CreateAt":"2025-02-13T11:59:15.44316+01:00","UpdatedAt":"2025-02-13T11:59:15.44316+01:00"}
{"time":"2025-02-13T11:59:24.985455+01:00","level":"DEBUG","msg":"Running command","name":"reset","args":""}
